<?xml version="1.0" encoding="UTF-8"?>
<robot generator="Robot 3.2.1 (Python 3.8.5 on win32)" generated="20200825 11:48:54.531" rpa="false">
<suite id="s1" name="RobotProject1" source="C:\Users\Guest\eclipse-workspace2\RobotProject1">
<suite id="s1-s1" name="Test1" source="C:\Users\Guest\eclipse-workspace2\RobotProject1\Test1">
<suite id="s1-s1-s1" name="RobotFrameworkMergedCode" source="C:\Users\Guest\eclipse-workspace2\RobotProject1\Test1\RobotFrameworkMergedCode.robot">
<test id="s1-s1-s1-t1" name="RegisterTest">
<kw name="OpenWebsiteKeyword" library="RobotFramework">
<kw name="Open Browser" library="SeleniumLibrary">
<doc>Opens a new browser instance to the optional ``url``.</doc>
<arguments>
<arg>${url}</arg>
<arg>chrome</arg>
</arguments>
<msg timestamp="20200825 11:48:55.470" level="INFO">Opening browser 'chrome' to base url 'http://automationpractice.com/index.php'.</msg>
<status status="PASS" starttime="20200825 11:48:55.470" endtime="20200825 11:49:11.007"></status>
</kw>
<kw name="Maximize Browser Window" library="SeleniumLibrary">
<doc>Maximizes current browser window.</doc>
<status status="PASS" starttime="20200825 11:49:11.343" endtime="20200825 11:49:12.671"></status>
</kw>
<kw name="Set Browser Implicit Wait" library="SeleniumLibrary">
<doc>Sets the implicit wait value used by Selenium.</doc>
<arguments>
<arg>3</arg>
</arguments>
<status status="PASS" starttime="20200825 11:49:12.671" endtime="20200825 11:49:12.675"></status>
</kw>
<status status="PASS" starttime="20200825 11:48:55.466" endtime="20200825 11:49:12.679"></status>
</kw>
<kw name="Click Element" library="SeleniumLibrary">
<doc>Click the element identified by ``locator``.</doc>
<arguments>
<arg>class=login</arg>
</arguments>
<msg timestamp="20200825 11:49:12.683" level="INFO">Clicking element 'class=login'.</msg>
<status status="PASS" starttime="20200825 11:49:12.679" endtime="20200825 11:49:17.216"></status>
</kw>
<kw name="Generate Random String" library="String">
<doc>Generates a string with a desired ``length`` from the given ``chars``.</doc>
<arguments>
<arg>8</arg>
<arg>${LETTERS}${NUMBERS}</arg>
</arguments>
<assign>
<var>${random_string}</var>
</assign>
<msg timestamp="20200825 11:49:17.224" level="INFO">${random_string} = edT2oDxE</msg>
<status status="PASS" starttime="20200825 11:49:17.216" endtime="20200825 11:49:17.224"></status>
</kw>
<kw name="Input Text" library="SeleniumLibrary">
<doc>Types the given ``text`` into the text field identified by ``locator``.</doc>
<arguments>
<arg>id=email_create</arg>
<arg>${random_string}@gmail.com</arg>
</arguments>
<msg timestamp="20200825 11:49:17.236" level="INFO">Typing text 'edT2oDxE@gmail.com' into text field 'id=email_create'.</msg>
<status status="PASS" starttime="20200825 11:49:17.228" endtime="20200825 11:49:17.839"></status>
</kw>
<kw name="Click Element" library="SeleniumLibrary">
<doc>Click the element identified by ``locator``.</doc>
<arguments>
<arg>${createaccount}</arg>
</arguments>
<msg timestamp="20200825 11:49:17.847" level="INFO">Clicking element 'xpath=//*[@id="SubmitCreate"]/span'.</msg>
<status status="PASS" starttime="20200825 11:49:17.843" endtime="20200825 11:49:18.099"></status>
</kw>
<kw name="Click Element" library="SeleniumLibrary">
<doc>Click the element identified by ``locator``.</doc>
<arguments>
<arg>xpath=//*[@id="id_gender1"]</arg>
</arguments>
<msg timestamp="20200825 11:49:18.107" level="INFO">Clicking element 'xpath=//*[@id="id_gender1"]'.</msg>
<status status="PASS" starttime="20200825 11:49:18.103" endtime="20200825 11:49:20.180"></status>
</kw>
<kw name="Input Text" library="SeleniumLibrary">
<doc>Types the given ``text`` into the text field identified by ``locator``.</doc>
<arguments>
<arg>xpath=//*[@id="customer_firstname"]</arg>
<arg>cat</arg>
</arguments>
<msg timestamp="20200825 11:49:20.184" level="INFO">Typing text 'cat' into text field 'xpath=//*[@id="customer_firstname"]'.</msg>
<status status="PASS" starttime="20200825 11:49:20.180" endtime="20200825 11:49:20.968"></status>
</kw>
<kw name="Input Text" library="SeleniumLibrary">
<doc>Types the given ``text`` into the text field identified by ``locator``.</doc>
<arguments>
<arg>xpath=//*[@id="customer_lastname"]</arg>
<arg>house</arg>
</arguments>
<msg timestamp="20200825 11:49:20.975" level="INFO">Typing text 'house' into text field 'xpath=//*[@id="customer_lastname"]'.</msg>
<status status="PASS" starttime="20200825 11:49:20.972" endtime="20200825 11:49:21.389"></status>
</kw>
<kw name="Input Text" library="SeleniumLibrary">
<doc>Types the given ``text`` into the text field identified by ``locator``.</doc>
<arguments>
<arg>xpath=//*[@id=\"passwd\"]</arg>
<arg>${pwd}</arg>
</arguments>
<msg timestamp="20200825 11:49:21.392" level="INFO">Typing text 'happy12' into text field 'xpath=//*[@id="passwd"]'.</msg>
<status status="PASS" starttime="20200825 11:49:21.390" endtime="20200825 11:49:21.831"></status>
</kw>
<kw name="Input Text" library="SeleniumLibrary">
<doc>Types the given ``text`` into the text field identified by ``locator``.</doc>
<arguments>
<arg>id=firstname</arg>
<arg>git</arg>
</arguments>
<msg timestamp="20200825 11:49:21.834" level="INFO">Typing text 'git' into text field 'id=firstname'.</msg>
<status status="PASS" starttime="20200825 11:49:21.833" endtime="20200825 11:49:22.182"></status>
</kw>
<kw name="Input Text" library="SeleniumLibrary">
<doc>Types the given ``text`` into the text field identified by ``locator``.</doc>
<arguments>
<arg>id=lastname</arg>
<arg>new</arg>
</arguments>
<msg timestamp="20200825 11:49:22.188" level="INFO">Typing text 'new' into text field 'id=lastname'.</msg>
<status status="PASS" starttime="20200825 11:49:22.183" endtime="20200825 11:49:22.600"></status>
</kw>
<kw name="Input Text" library="SeleniumLibrary">
<doc>Types the given ``text`` into the text field identified by ``locator``.</doc>
<arguments>
<arg>xpath=//*[@id="address1"]</arg>
<arg>new1,waycolony</arg>
</arguments>
<msg timestamp="20200825 11:49:22.604" level="INFO">Typing text 'new1,waycolony' into text field 'xpath=//*[@id="address1"]'.</msg>
<status status="PASS" starttime="20200825 11:49:22.602" endtime="20200825 11:49:23.043"></status>
</kw>
<kw name="Input Text" library="SeleniumLibrary">
<doc>Types the given ``text`` into the text field identified by ``locator``.</doc>
<arguments>
<arg>id=city</arg>
<arg>newup</arg>
</arguments>
<msg timestamp="20200825 11:49:23.046" level="INFO">Typing text 'newup' into text field 'id=city'.</msg>
<status status="PASS" starttime="20200825 11:49:23.045" endtime="20200825 11:49:23.419"></status>
</kw>
<kw name="Click Element" library="SeleniumLibrary">
<doc>Click the element identified by ``locator``.</doc>
<arguments>
<arg>id=id_state</arg>
</arguments>
<msg timestamp="20200825 11:49:23.423" level="INFO">Clicking element 'id=id_state'.</msg>
<status status="PASS" starttime="20200825 11:49:23.423" endtime="20200825 11:49:23.807"></status>
</kw>
<kw name="Select From List By Value" library="SeleniumLibrary">
<doc>Selects options from selection list ``locator`` by ``values``.</doc>
<arguments>
<arg>xpath=//*[@id="id_state"]</arg>
<arg>1</arg>
</arguments>
<msg timestamp="20200825 11:49:23.807" level="INFO">Selecting options from selection list 'xpath=//*[@id="id_state"]' by value 1.</msg>
<status status="PASS" starttime="20200825 11:49:23.807" endtime="20200825 11:49:24.187"></status>
</kw>
<kw name="Input Text" library="SeleniumLibrary">
<doc>Types the given ``text`` into the text field identified by ``locator``.</doc>
<arguments>
<arg>id=postcode</arg>
<arg>00000</arg>
</arguments>
<msg timestamp="20200825 11:49:24.191" level="INFO">Typing text '00000' into text field 'id=postcode'.</msg>
<status status="PASS" starttime="20200825 11:49:24.187" endtime="20200825 11:49:24.491"></status>
</kw>
<kw name="Click Element" library="SeleniumLibrary">
<doc>Click the element identified by ``locator``.</doc>
<arguments>
<arg>id=id_country</arg>
</arguments>
<msg timestamp="20200825 11:49:24.495" level="INFO">Clicking element 'id=id_country'.</msg>
<status status="PASS" starttime="20200825 11:49:24.491" endtime="20200825 11:49:24.712"></status>
</kw>
<kw name="Select From List By Value" library="SeleniumLibrary">
<doc>Selects options from selection list ``locator`` by ``values``.</doc>
<arguments>
<arg>xpath=//*[@id="id_country"]</arg>
<arg>21</arg>
</arguments>
<msg timestamp="20200825 11:49:24.716" level="INFO">Selecting options from selection list 'xpath=//*[@id="id_country"]' by value 21.</msg>
<status status="PASS" starttime="20200825 11:49:24.712" endtime="20200825 11:49:24.925"></status>
</kw>
<kw name="Input Text" library="SeleniumLibrary">
<doc>Types the given ``text`` into the text field identified by ``locator``.</doc>
<arguments>
<arg>id=phone_mobile</arg>
<arg>09909034343</arg>
</arguments>
<msg timestamp="20200825 11:49:24.925" level="INFO">Typing text '09909034343' into text field 'id=phone_mobile'.</msg>
<status status="PASS" starttime="20200825 11:49:24.925" endtime="20200825 11:49:25.283"></status>
</kw>
<kw name="Input Text" library="SeleniumLibrary">
<doc>Types the given ``text`` into the text field identified by ``locator``.</doc>
<arguments>
<arg>id=alias</arg>
<arg>nonsense</arg>
</arguments>
<msg timestamp="20200825 11:49:25.287" level="INFO">Typing text 'nonsense' into text field 'id=alias'.</msg>
<status status="PASS" starttime="20200825 11:49:25.287" endtime="20200825 11:49:25.672"></status>
</kw>
<kw name="Click Element" library="SeleniumLibrary">
<doc>Click the element identified by ``locator``.</doc>
<arguments>
<arg>${register}</arg>
</arguments>
<msg timestamp="20200825 11:49:25.676" level="INFO">Clicking element 'xpath=//*[@id="submitAccount"]/span'.</msg>
<status status="PASS" starttime="20200825 11:49:25.676" endtime="20200825 11:49:29.565"></status>
</kw>
<kw name="Log To Console" library="BuiltIn">
<doc>Logs the given message to the console.</doc>
<arguments>
<arg>Registed successfully..</arg>
</arguments>
<status status="PASS" starttime="20200825 11:49:29.569" endtime="20200825 11:49:29.569"></status>
</kw>
<kw name="Close Browser" library="SeleniumLibrary">
<doc>Closes the current browser.</doc>
<status status="PASS" starttime="20200825 11:49:29.573" endtime="20200825 11:49:32.090"></status>
</kw>
<doc>User able to create new account</doc>
<tags>
<tag>EndToEnd</tag>
<tag>Register</tag>
</tags>
<status status="PASS" starttime="20200825 11:48:55.466" endtime="20200825 11:49:32.090" critical="yes"></status>
</test>
<test id="s1-s1-s1-t2" name="SearchingByNavigationTest">
<kw name="OpenWebsiteKeyword" library="RobotFramework">
<kw name="Open Browser" library="SeleniumLibrary">
<doc>Opens a new browser instance to the optional ``url``.</doc>
<arguments>
<arg>${url}</arg>
<arg>chrome</arg>
</arguments>
<msg timestamp="20200825 11:49:32.104" level="INFO">Opening browser 'chrome' to base url 'http://automationpractice.com/index.php'.</msg>
<status status="PASS" starttime="20200825 11:49:32.100" endtime="20200825 11:49:48.225"></status>
</kw>
<kw name="Maximize Browser Window" library="SeleniumLibrary">
<doc>Maximizes current browser window.</doc>
<status status="PASS" starttime="20200825 11:49:48.229" endtime="20200825 11:49:49.550"></status>
</kw>
<kw name="Set Browser Implicit Wait" library="SeleniumLibrary">
<doc>Sets the implicit wait value used by Selenium.</doc>
<arguments>
<arg>3</arg>
</arguments>
<status status="PASS" starttime="20200825 11:49:49.550" endtime="20200825 11:49:49.554"></status>
</kw>
<status status="PASS" starttime="20200825 11:49:32.096" endtime="20200825 11:49:49.558"></status>
</kw>
<kw name="SearchProductKeyword" library="RobotFramework">
<kw name="Mouse Over" library="SeleniumLibrary">
<doc>Simulates hovering the mouse over the element ``locator``.</doc>
<arguments>
<arg>${Dress}</arg>
</arguments>
<msg timestamp="20200825 11:49:49.562" level="INFO">Simulating Mouse Over on element 'xpath=//*[@id="block_top_menu"]/ul/li[2]/a'.</msg>
<status status="PASS" starttime="20200825 11:49:49.562" endtime="20200825 11:49:49.982"></status>
</kw>
<kw name="Wait Until Element Is Visible" library="SeleniumLibrary">
<doc>Waits until the element ``locator`` is visible.</doc>
<arguments>
<arg>${EveningDress}</arg>
</arguments>
<status status="PASS" starttime="20200825 11:49:49.982" endtime="20200825 11:49:50.098"></status>
</kw>
<kw name="Sleep" library="BuiltIn">
<doc>Pauses the test executed for the given time.</doc>
<arguments>
<arg>6</arg>
</arguments>
<msg timestamp="20200825 11:49:56.098" level="INFO">Slept 6 seconds</msg>
<status status="PASS" starttime="20200825 11:49:50.098" endtime="20200825 11:49:56.099"></status>
</kw>
<kw name="Click Element" library="SeleniumLibrary">
<doc>Click the element identified by ``locator``.</doc>
<arguments>
<arg>${EveningDress}</arg>
</arguments>
<msg timestamp="20200825 11:49:56.104" level="INFO">Clicking element 'xpath=/html[1]/body[1]/div[1]/div[1]/header[1]/div[3]/div[1]/div[1]/div[6]/ul[1]/li[2]/ul[1]/li[2]/a[1]'.</msg>
<status status="PASS" starttime="20200825 11:49:56.101" endtime="20200825 11:50:00.136"></status>
</kw>
<kw name="Sleep" library="BuiltIn">
<doc>Pauses the test executed for the given time.</doc>
<arguments>
<arg>6</arg>
</arguments>
<msg timestamp="20200825 11:50:06.148" level="INFO">Slept 6 seconds</msg>
<status status="PASS" starttime="20200825 11:50:00.140" endtime="20200825 11:50:06.149"></status>
</kw>
<kw name="Click Element" library="SeleniumLibrary">
<doc>Click the element identified by ``locator``.</doc>
<arguments>
<arg>xpath://*[@id="list"]/a/i</arg>
</arguments>
<msg timestamp="20200825 11:50:06.152" level="INFO">Clicking element 'xpath://*[@id="list"]/a/i'.</msg>
<status status="PASS" starttime="20200825 11:50:06.150" endtime="20200825 11:50:06.411"></status>
</kw>
<status status="PASS" starttime="20200825 11:49:49.558" endtime="20200825 11:50:06.412"></status>
</kw>
<kw name="Log To Console" library="BuiltIn">
<doc>Logs the given message to the console.</doc>
<arguments>
<arg>Succesfully searched a product through navigation..</arg>
</arguments>
<status status="PASS" starttime="20200825 11:50:06.414" endtime="20200825 11:50:06.416"></status>
</kw>
<kw name="Close Browser" library="SeleniumLibrary">
<doc>Closes the current browser.</doc>
<status status="PASS" starttime="20200825 11:50:06.417" endtime="20200825 11:50:08.826"></status>
</kw>
<doc>User able to search a product through navigation</doc>
<tags>
<tag>ByNavigation</tag>
<tag>EndToEnd</tag>
</tags>
<status status="PASS" starttime="20200825 11:49:32.095" endtime="20200825 11:50:08.830" critical="yes"></status>
</test>
<test id="s1-s1-s1-t3" name="SearchingBySearchBarTest">
<kw name="OpenWebsiteKeyword" library="RobotFramework">
<kw name="Open Browser" library="SeleniumLibrary">
<doc>Opens a new browser instance to the optional ``url``.</doc>
<arguments>
<arg>${url}</arg>
<arg>chrome</arg>
</arguments>
<msg timestamp="20200825 11:50:08.845" level="INFO">Opening browser 'chrome' to base url 'http://automationpractice.com/index.php'.</msg>
<status status="PASS" starttime="20200825 11:50:08.841" endtime="20200825 11:50:25.560"></status>
</kw>
<kw name="Maximize Browser Window" library="SeleniumLibrary">
<doc>Maximizes current browser window.</doc>
<status status="PASS" starttime="20200825 11:50:25.564" endtime="20200825 11:50:26.869"></status>
</kw>
<kw name="Set Browser Implicit Wait" library="SeleniumLibrary">
<doc>Sets the implicit wait value used by Selenium.</doc>
<arguments>
<arg>3</arg>
</arguments>
<status status="PASS" starttime="20200825 11:50:26.869" endtime="20200825 11:50:26.877"></status>
</kw>
<status status="PASS" starttime="20200825 11:50:08.837" endtime="20200825 11:50:26.877"></status>
</kw>
<kw name="Input Text" library="SeleniumLibrary">
<doc>Types the given ``text`` into the text field identified by ``locator``.</doc>
<arguments>
<arg>xpath://input[@id='search_query_top']</arg>
<arg>T-Shirts</arg>
</arguments>
<msg timestamp="20200825 11:50:26.881" level="INFO">Typing text 'T-Shirts' into text field 'xpath://input[@id='search_query_top']'.</msg>
<status status="PASS" starttime="20200825 11:50:26.877" endtime="20200825 11:50:27.381"></status>
</kw>
<kw name="Sleep" library="BuiltIn">
<doc>Pauses the test executed for the given time.</doc>
<arguments>
<arg>2</arg>
</arguments>
<msg timestamp="20200825 11:50:29.389" level="INFO">Slept 2 seconds</msg>
<status status="PASS" starttime="20200825 11:50:27.381" endtime="20200825 11:50:29.389"></status>
</kw>
<kw name="Press Keys" library="SeleniumLibrary">
<doc>Simulates the user pressing key(s) to an element or on the active browser.</doc>
<arguments>
<arg>xpath://input[@id='search_query_top']</arg>
<arg>ENTER</arg>
</arguments>
<msg timestamp="20200825 11:50:29.397" level="INFO">Sending key(s) ('ENTER',) to xpath://input[@id='search_query_top'] element.</msg>
<msg timestamp="20200825 11:50:29.765" level="INFO">Pressing special key ENTER to element.</msg>
<msg timestamp="20200825 11:50:29.765" level="INFO">Releasing special key ENTER.</msg>
<status status="PASS" starttime="20200825 11:50:29.393" endtime="20200825 11:50:32.892"></status>
</kw>
<kw name="Sleep" library="BuiltIn">
<doc>Pauses the test executed for the given time.</doc>
<arguments>
<arg>3</arg>
</arguments>
<msg timestamp="20200825 11:50:35.899" level="INFO">Slept 3 seconds</msg>
<status status="PASS" starttime="20200825 11:50:32.896" endtime="20200825 11:50:35.899"></status>
</kw>
<kw name="Close Browser" library="SeleniumLibrary">
<doc>Closes the current browser.</doc>
<status status="PASS" starttime="20200825 11:50:35.903" endtime="20200825 11:50:38.340"></status>
</kw>
<kw name="Log To Console" library="BuiltIn">
<doc>Logs the given message to the console.</doc>
<arguments>
<arg>Succesfully searched a product through search bar..</arg>
</arguments>
<status status="PASS" starttime="20200825 11:50:38.341" endtime="20200825 11:50:38.344"></status>
</kw>
<kw name="Close Browser" library="SeleniumLibrary">
<doc>Closes the current browser.</doc>
<status status="PASS" starttime="20200825 11:50:38.345" endtime="20200825 11:50:38.347"></status>
</kw>
<doc>User able to search a product through search bar</doc>
<tags>
<tag>BySearchBar</tag>
<tag>EndToEnd</tag>
</tags>
<status status="PASS" starttime="20200825 11:50:08.836" endtime="20200825 11:50:38.348" critical="yes"></status>
</test>
<test id="s1-s1-s1-t4" name="LoginTest">
<kw name="Open Browser" library="SeleniumLibrary">
<doc>Opens a new browser instance to the optional ``url``.</doc>
<arguments>
<arg>https://google.com</arg>
<arg>chrome</arg>
</arguments>
<msg timestamp="20200825 11:50:38.355" level="INFO">Opening browser 'chrome' to base url 'https://google.com'.</msg>
<status status="PASS" starttime="20200825 11:50:38.354" endtime="20200825 11:50:47.804"></status>
</kw>
<kw name="Maximize Browser Window" library="SeleniumLibrary">
<doc>Maximizes current browser window.</doc>
<status status="PASS" starttime="20200825 11:50:47.808" endtime="20200825 11:50:48.959"></status>
</kw>
<kw name="Set Browser Implicit Wait" library="SeleniumLibrary">
<doc>Sets the implicit wait value used by Selenium.</doc>
<arguments>
<arg>3</arg>
</arguments>
<status status="PASS" starttime="20200825 11:50:48.959" endtime="20200825 11:50:48.959"></status>
</kw>
<kw name="Input Text" library="SeleniumLibrary">
<doc>Types the given ``text`` into the text field identified by ``locator``.</doc>
<arguments>
<arg>name=q</arg>
<arg>automation practice</arg>
</arguments>
<msg timestamp="20200825 11:50:48.968" level="INFO">Typing text 'automation practice' into text field 'name=q'.</msg>
<status status="PASS" starttime="20200825 11:50:48.967" endtime="20200825 11:50:49.451"></status>
</kw>
<kw name="Press Keys" library="SeleniumLibrary">
<doc>Simulates the user pressing key(s) to an element or on the active browser.</doc>
<arguments>
<arg>name=q</arg>
<arg>ENTER</arg>
</arguments>
<msg timestamp="20200825 11:50:49.455" level="INFO">Sending key(s) ('ENTER',) to name=q element.</msg>
<msg timestamp="20200825 11:50:49.895" level="INFO">Pressing special key ENTER to element.</msg>
<msg timestamp="20200825 11:50:49.899" level="INFO">Releasing special key ENTER.</msg>
<status status="PASS" starttime="20200825 11:50:49.451" endtime="20200825 11:50:58.522"></status>
</kw>
<kw name="Sleep" library="BuiltIn">
<doc>Pauses the test executed for the given time.</doc>
<arguments>
<arg>2</arg>
</arguments>
<msg timestamp="20200825 11:51:00.534" level="INFO">Slept 2 seconds</msg>
<status status="PASS" starttime="20200825 11:50:58.522" endtime="20200825 11:51:00.534"></status>
</kw>
<kw name="Click Element" library="SeleniumLibrary">
<doc>Click the element identified by ``locator``.</doc>
<arguments>
<arg>xpath://*[@id="rso"]/div[1]/div/div/div[1]/a/h3</arg>
</arguments>
<msg timestamp="20200825 11:51:00.538" level="INFO">Clicking element 'xpath://*[@id="rso"]/div[1]/div/div/div[1]/a/h3'.</msg>
<status status="PASS" starttime="20200825 11:51:00.534" endtime="20200825 11:51:15.449"></status>
</kw>
<kw name="LoginKeyword" library="RobotFramework">
<kw name="Click Element" library="SeleniumLibrary">
<doc>Click the element identified by ``locator``.</doc>
<arguments>
<arg>class=login</arg>
</arguments>
<msg timestamp="20200825 11:51:15.457" level="INFO">Clicking element 'class=login'.</msg>
<status status="PASS" starttime="20200825 11:51:15.453" endtime="20200825 11:51:17.654"></status>
</kw>
<kw name="Input Text" library="SeleniumLibrary">
<doc>Types the given ``text`` into the text field identified by ``locator``.</doc>
<arguments>
<arg>id=email</arg>
<arg>${credentials}[0]</arg>
</arguments>
<msg timestamp="20200825 11:51:17.662" level="INFO">Typing text 'bitbucket76@gmail.com' into text field 'id=email'.</msg>
<status status="PASS" starttime="20200825 11:51:17.654" endtime="20200825 11:51:19.855"></status>
</kw>
<kw name="Input Password" library="SeleniumLibrary">
<doc>Types the given password into the text field identified by ``locator``.</doc>
<arguments>
<arg>name=passwd</arg>
<arg>${LoginData}[password]</arg>
</arguments>
<msg timestamp="20200825 11:51:19.859" level="INFO">Typing password into text field 'name=passwd'.</msg>
<msg timestamp="20200825 11:51:20.023" level="INFO">Temporally setting log level to: NONE</msg>
<msg timestamp="20200825 11:51:20.259" level="INFO">Log level changed from NONE to INFO.</msg>
<status status="PASS" starttime="20200825 11:51:19.855" endtime="20200825 11:51:20.263"></status>
</kw>
<kw name="Sleep" library="BuiltIn">
<doc>Pauses the test executed for the given time.</doc>
<arguments>
<arg>3</arg>
</arguments>
<msg timestamp="20200825 11:51:23.267" level="INFO">Slept 3 seconds</msg>
<status status="PASS" starttime="20200825 11:51:20.263" endtime="20200825 11:51:23.268"></status>
</kw>
<kw name="Click Button" library="SeleniumLibrary">
<doc>Clicks the button identified by ``locator``.</doc>
<arguments>
<arg>id=SubmitLogin</arg>
</arguments>
<msg timestamp="20200825 11:51:23.273" level="INFO">Clicking button 'id=SubmitLogin'.</msg>
<status status="PASS" starttime="20200825 11:51:23.269" endtime="20200825 11:51:27.413"></status>
</kw>
<status status="PASS" starttime="20200825 11:51:15.449" endtime="20200825 11:51:27.413"></status>
</kw>
<kw name="Log To Console" library="BuiltIn">
<doc>Logs the given message to the console.</doc>
<arguments>
<arg>Logged in successfully..</arg>
</arguments>
<status status="PASS" starttime="20200825 11:51:27.417" endtime="20200825 11:51:27.421"></status>
</kw>
<doc>User logged into the application</doc>
<tags>
<tag>EndToEnd</tag>
<tag>Login</tag>
</tags>
<status status="PASS" starttime="20200825 11:50:38.351" endtime="20200825 11:51:27.428" critical="yes"></status>
</test>
<test id="s1-s1-s1-t5" name="WishlistTest">
<kw name="SearchProductKeyword" library="RobotFramework">
<kw name="Mouse Over" library="SeleniumLibrary">
<doc>Simulates hovering the mouse over the element ``locator``.</doc>
<arguments>
<arg>${Dress}</arg>
</arguments>
<msg timestamp="20200825 11:51:27.439" level="INFO">Simulating Mouse Over on element 'xpath=//*[@id="block_top_menu"]/ul/li[2]/a'.</msg>
<status status="PASS" starttime="20200825 11:51:27.435" endtime="20200825 11:51:28.102"></status>
</kw>
<kw name="Wait Until Element Is Visible" library="SeleniumLibrary">
<doc>Waits until the element ``locator`` is visible.</doc>
<arguments>
<arg>${EveningDress}</arg>
</arguments>
<status status="PASS" starttime="20200825 11:51:28.102" endtime="20200825 11:51:28.202"></status>
</kw>
<kw name="Sleep" library="BuiltIn">
<doc>Pauses the test executed for the given time.</doc>
<arguments>
<arg>6</arg>
</arguments>
<msg timestamp="20200825 11:51:34.206" level="INFO">Slept 6 seconds</msg>
<status status="PASS" starttime="20200825 11:51:28.202" endtime="20200825 11:51:34.208"></status>
</kw>
<kw name="Click Element" library="SeleniumLibrary">
<doc>Click the element identified by ``locator``.</doc>
<arguments>
<arg>${EveningDress}</arg>
</arguments>
<msg timestamp="20200825 11:51:34.216" level="INFO">Clicking element 'xpath=/html[1]/body[1]/div[1]/div[1]/header[1]/div[3]/div[1]/div[1]/div[6]/ul[1]/li[2]/ul[1]/li[2]/a[1]'.</msg>
<status status="PASS" starttime="20200825 11:51:34.211" endtime="20200825 11:51:38.437"></status>
</kw>
<kw name="Sleep" library="BuiltIn">
<doc>Pauses the test executed for the given time.</doc>
<arguments>
<arg>6</arg>
</arguments>
<msg timestamp="20200825 11:51:44.445" level="INFO">Slept 6 seconds</msg>
<status status="PASS" starttime="20200825 11:51:38.441" endtime="20200825 11:51:44.445"></status>
</kw>
<kw name="Click Element" library="SeleniumLibrary">
<doc>Click the element identified by ``locator``.</doc>
<arguments>
<arg>xpath://*[@id="list"]/a/i</arg>
</arguments>
<msg timestamp="20200825 11:51:44.449" level="INFO">Clicking element 'xpath://*[@id="list"]/a/i'.</msg>
<status status="PASS" starttime="20200825 11:51:44.445" endtime="20200825 11:51:44.705"></status>
</kw>
<status status="PASS" starttime="20200825 11:51:27.435" endtime="20200825 11:51:44.709"></status>
</kw>
<kw name="Click Element" library="SeleniumLibrary">
<doc>Click the element identified by ``locator``.</doc>
<arguments>
<arg>xpath://*[@id="center_column"]/ul/li/div/div/div[3]/div/div[3]/div[1]/a</arg>
</arguments>
<msg timestamp="20200825 11:51:44.709" level="INFO">Clicking element 'xpath://*[@id="center_column"]/ul/li/div/div/div[3]/div/div[3]/div[1]/a'.</msg>
<status status="PASS" starttime="20200825 11:51:44.709" endtime="20200825 11:51:44.905"></status>
</kw>
<kw name="Sleep" library="BuiltIn">
<doc>Pauses the test executed for the given time.</doc>
<arguments>
<arg>3</arg>
</arguments>
<msg timestamp="20200825 11:51:47.911" level="INFO">Slept 3 seconds</msg>
<status status="PASS" starttime="20200825 11:51:44.909" endtime="20200825 11:51:47.911"></status>
</kw>
<kw name="Click Element" library="SeleniumLibrary">
<doc>Click the element identified by ``locator``.</doc>
<arguments>
<arg>xpath://a[@class='fancybox-item fancybox-close']</arg>
</arguments>
<msg timestamp="20200825 11:51:47.915" level="INFO">Clicking element 'xpath://a[@class='fancybox-item fancybox-close']'.</msg>
<status status="PASS" starttime="20200825 11:51:47.915" endtime="20200825 11:51:48.087"></status>
</kw>
<kw name="Sleep" library="BuiltIn">
<doc>Pauses the test executed for the given time.</doc>
<arguments>
<arg>3</arg>
</arguments>
<msg timestamp="20200825 11:51:51.102" level="INFO">Slept 3 seconds</msg>
<status status="PASS" starttime="20200825 11:51:48.091" endtime="20200825 11:51:51.104"></status>
</kw>
<kw name="Log To Console" library="BuiltIn">
<doc>Logs the given message to the console.</doc>
<arguments>
<arg>Successfully added into wishlist..</arg>
</arguments>
<status status="PASS" starttime="20200825 11:51:51.104" endtime="20200825 11:51:51.104"></status>
</kw>
<doc>User able to add the product into wishlist</doc>
<tags>
<tag>EndToEnd</tag>
<tag>Wishlist</tag>
</tags>
<status status="PASS" starttime="20200825 11:51:27.431" endtime="20200825 11:51:51.109" critical="yes"></status>
</test>
<test id="s1-s1-s1-t6" name="AddToCartTest">
<kw name="Click Element" library="SeleniumLibrary">
<doc>Click the element identified by ``locator``.</doc>
<arguments>
<arg>xpath://span[contains(text(),'More')]</arg>
</arguments>
<msg timestamp="20200825 11:51:51.110" level="INFO">Clicking element 'xpath://span[contains(text(),'More')]'.</msg>
<status status="PASS" starttime="20200825 11:51:51.110" endtime="20200825 11:51:56.252"></status>
</kw>
<kw name="Clear Element Text" library="SeleniumLibrary">
<doc>Clears the value of the text-input-element identified by ``locator``.</doc>
<arguments>
<arg>id=quantity_wanted</arg>
</arguments>
<status status="PASS" starttime="20200825 11:51:56.256" endtime="20200825 11:51:56.412"></status>
</kw>
<kw name="Input Text" library="SeleniumLibrary">
<doc>Types the given ``text`` into the text field identified by ``locator``.</doc>
<arguments>
<arg>id=quantity_wanted</arg>
<arg>2</arg>
</arguments>
<msg timestamp="20200825 11:51:56.416" level="INFO">Typing text '2' into text field 'id=quantity_wanted'.</msg>
<status status="PASS" starttime="20200825 11:51:56.416" endtime="20200825 11:51:56.608"></status>
</kw>
<kw name="Mouse Over" library="SeleniumLibrary">
<doc>Simulates hovering the mouse over the element ``locator``.</doc>
<arguments>
<arg>xpath://label[contains(text(),'Size')]</arg>
</arguments>
<msg timestamp="20200825 11:51:56.612" level="INFO">Simulating Mouse Over on element 'xpath://label[contains(text(),'Size')]'.</msg>
<status status="PASS" starttime="20200825 11:51:56.612" endtime="20200825 11:51:56.964"></status>
</kw>
<kw name="Page Should Contain Element" library="SeleniumLibrary">
<doc>Verifies that element ``locator`` is found on the current page.</doc>
<arguments>
<arg>id=group_1</arg>
<arg>5s</arg>
</arguments>
<msg timestamp="20200825 11:51:57.008" level="INFO">Current page contains element 'id=group_1'.</msg>
<status status="PASS" starttime="20200825 11:51:56.968" endtime="20200825 11:51:57.008"></status>
</kw>
<kw name="Select From List By Label" library="SeleniumLibrary">
<doc>Selects options from selection list ``locator`` by ``labels``.</doc>
<arguments>
<arg>id=group_1</arg>
<arg>M</arg>
</arguments>
<msg timestamp="20200825 11:51:57.012" level="INFO">Selecting options from selection list 'id=group_1' by label M.</msg>
<status status="PASS" starttime="20200825 11:51:57.012" endtime="20200825 11:51:57.369"></status>
</kw>
<kw name="Sleep" library="BuiltIn">
<doc>Pauses the test executed for the given time.</doc>
<arguments>
<arg>2</arg>
</arguments>
<msg timestamp="20200825 11:51:59.374" level="INFO">Slept 2 seconds</msg>
<status status="PASS" starttime="20200825 11:51:57.369" endtime="20200825 11:51:59.376"></status>
</kw>
<kw name="Click Element" library="SeleniumLibrary">
<doc>Click the element identified by ``locator``.</doc>
<arguments>
<arg>//span[contains(text(),'Add to cart')]</arg>
</arguments>
<msg timestamp="20200825 11:51:59.382" level="INFO">Clicking element '//span[contains(text(),'Add to cart')]'.</msg>
<status status="PASS" starttime="20200825 11:51:59.379" endtime="20200825 11:51:59.621"></status>
</kw>
<kw name="Log To Console" library="BuiltIn">
<doc>Logs the given message to the console.</doc>
<arguments>
<arg>Product successfully added into cart..</arg>
</arguments>
<status status="PASS" starttime="20200825 11:51:59.621" endtime="20200825 11:51:59.621"></status>
</kw>
<doc>User search and add the product into the cart</doc>
<tags>
<tag>AddToCart</tag>
<tag>EndToEnd</tag>
</tags>
<status status="PASS" starttime="20200825 11:51:51.110" endtime="20200825 11:51:59.625" critical="yes"></status>
</test>
<test id="s1-s1-s1-t7" name="ShippingMethodTest">
<kw name="Click Element" library="SeleniumLibrary">
<doc>Click the element identified by ``locator``.</doc>
<arguments>
<arg>xpath://span[contains(text(),'Proceed to checkout')]</arg>
</arguments>
<msg timestamp="20200825 11:51:59.633" level="INFO">Clicking element 'xpath://span[contains(text(),'Proceed to checkout')]'.</msg>
<status status="PASS" starttime="20200825 11:51:59.633" endtime="20200825 11:52:03.665"></status>
</kw>
<kw name="Click Element" library="SeleniumLibrary">
<doc>Click the element identified by ``locator``.</doc>
<arguments>
<arg>css:#center_column &gt; p.cart_navigation.clearfix &gt; a.button.btn.btn-default.standard-checkout.button-medium &gt; span</arg>
</arguments>
<msg timestamp="20200825 11:52:03.669" level="INFO">Clicking element 'css:#center_column &gt; p.cart_navigation.clearfix &gt; a.button.btn.btn-default.standard-checkout.button-medium &gt; span'.</msg>
<status status="PASS" starttime="20200825 11:52:03.669" endtime="20200825 11:52:06.606"></status>
</kw>
<kw name="Click Element" library="SeleniumLibrary">
<doc>Click the element identified by ``locator``.</doc>
<arguments>
<arg>xpath://*[@id="center_column"]/form/p/button/span</arg>
</arguments>
<msg timestamp="20200825 11:52:06.614" level="INFO">Clicking element 'xpath://*[@id="center_column"]/form/p/button/span'.</msg>
<status status="PASS" starttime="20200825 11:52:06.610" endtime="20200825 11:52:08.983"></status>
</kw>
<kw name="Select Checkbox" library="SeleniumLibrary">
<doc>Selects the checkbox identified by ``locator``.</doc>
<arguments>
<arg>id=cgv</arg>
</arguments>
<msg timestamp="20200825 11:52:08.991" level="INFO">Selecting checkbox 'id=cgv'.</msg>
<status status="PASS" starttime="20200825 11:52:08.987" endtime="20200825 11:52:09.271"></status>
</kw>
<kw name="Sleep" library="BuiltIn">
<doc>Pauses the test executed for the given time.</doc>
<arguments>
<arg>2</arg>
</arguments>
<msg timestamp="20200825 11:52:11.276" level="INFO">Slept 2 seconds</msg>
<status status="PASS" starttime="20200825 11:52:09.275" endtime="20200825 11:52:11.277"></status>
</kw>
<kw name="Click Element" library="SeleniumLibrary">
<doc>Click the element identified by ``locator``.</doc>
<arguments>
<arg>xpath://*[@id="form"]/p/button/span</arg>
</arguments>
<msg timestamp="20200825 11:52:11.280" level="INFO">Clicking element 'xpath://*[@id="form"]/p/button/span'.</msg>
<status status="PASS" starttime="20200825 11:52:11.278" endtime="20200825 11:52:13.628"></status>
</kw>
<doc>User select the shipping mode option</doc>
<tags>
<tag>EndToEnd</tag>
<tag>ShippingMethod</tag>
</tags>
<status status="PASS" starttime="20200825 11:51:59.625" endtime="20200825 11:52:13.628" critical="yes"></status>
</test>
<test id="s1-s1-s1-t8" name="PaymentMethodTest">
<kw name="Click Element" library="SeleniumLibrary">
<doc>Click the element identified by ``locator``.</doc>
<arguments>
<arg>xpath://a[@class='cheque']</arg>
</arguments>
<msg timestamp="20200825 11:52:13.638" level="INFO">Clicking element 'xpath://a[@class='cheque']'.</msg>
<status status="PASS" starttime="20200825 11:52:13.638" endtime="20200825 11:52:15.427"></status>
</kw>
<kw name="Click Element" library="SeleniumLibrary">
<doc>Click the element identified by ``locator``.</doc>
<arguments>
<arg>xpath://span[contains(text(),'I confirm my order')]</arg>
</arguments>
<msg timestamp="20200825 11:52:15.435" level="INFO">Clicking element 'xpath://span[contains(text(),'I confirm my order')]'.</msg>
<status status="PASS" starttime="20200825 11:52:15.431" endtime="20200825 11:52:18.205"></status>
</kw>
<kw name="Sleep" library="BuiltIn">
<doc>Pauses the test executed for the given time.</doc>
<arguments>
<arg>2</arg>
</arguments>
<msg timestamp="20200825 11:52:20.214" level="INFO">Slept 2 seconds</msg>
<status status="PASS" starttime="20200825 11:52:18.209" endtime="20200825 11:52:20.214"></status>
</kw>
<kw name="Log To Console" library="BuiltIn">
<doc>Logs the given message to the console.</doc>
<arguments>
<arg>Order completed successfully..</arg>
</arguments>
<status status="PASS" starttime="20200825 11:52:20.214" endtime="20200825 11:52:20.218"></status>
</kw>
<doc>User select the Payment option and confirm the order</doc>
<tags>
<tag>EndToEnd</tag>
<tag>PaymentMethod</tag>
</tags>
<status status="PASS" starttime="20200825 11:52:13.635" endtime="20200825 11:52:20.220" critical="yes"></status>
</test>
<test id="s1-s1-s1-t9" name="OrderHistoryTest">
<kw name="Click Element" library="SeleniumLibrary">
<doc>Click the element identified by ``locator``.</doc>
<arguments>
<arg>css:#footer &gt; div &gt; section:nth-child(7) &gt; div &gt; ul &gt; li:nth-child(1) &gt; a</arg>
</arguments>
<msg timestamp="20200825 11:52:20.225" level="INFO">Clicking element 'css:#footer &gt; div &gt; section:nth-child(7) &gt; div &gt; ul &gt; li:nth-child(1) &gt; a'.</msg>
<status status="PASS" starttime="20200825 11:52:20.225" endtime="20200825 11:52:24.174"></status>
</kw>
<kw name="Log" library="BuiltIn">
<doc>Logs the given message with the given level.</doc>
<arguments>
<arg>Order placed successfully in the order history</arg>
</arguments>
<msg timestamp="20200825 11:52:24.182" level="INFO">Order placed successfully in the order history</msg>
<status status="PASS" starttime="20200825 11:52:24.178" endtime="20200825 11:52:24.182"></status>
</kw>
<kw name="Click Element" library="SeleniumLibrary">
<doc>Click the element identified by ``locator``.</doc>
<arguments>
<arg>xpath://a[@class='logout']</arg>
</arguments>
<msg timestamp="20200825 11:52:24.186" level="INFO">Clicking element 'xpath://a[@class='logout']'.</msg>
<status status="PASS" starttime="20200825 11:52:24.186" endtime="20200825 11:52:28.240"></status>
</kw>
<kw name="Log To Console" library="BuiltIn">
<doc>Logs the given message to the console.</doc>
<arguments>
<arg>Logged out successfully..</arg>
</arguments>
<status status="PASS" starttime="20200825 11:52:28.240" endtime="20200825 11:52:28.244"></status>
</kw>
<kw name="Close Browser" library="SeleniumLibrary">
<doc>Closes the current browser.</doc>
<status status="PASS" starttime="20200825 11:52:28.244" endtime="20200825 11:52:31.157"></status>
</kw>
<doc>User able to see the product in order history</doc>
<tags>
<tag>EndToEnd</tag>
<tag>OrderHistory</tag>
</tags>
<status status="PASS" starttime="20200825 11:52:20.221" endtime="20200825 11:52:31.157" critical="yes"></status>
</test>
<test id="s1-s1-s1-t10" name="ContactUsTest">
<kw name="OpenWebsiteKeyword" library="RobotFramework">
<kw name="Open Browser" library="SeleniumLibrary">
<doc>Opens a new browser instance to the optional ``url``.</doc>
<arguments>
<arg>${url}</arg>
<arg>chrome</arg>
</arguments>
<msg timestamp="20200825 11:52:31.166" level="INFO">Opening browser 'chrome' to base url 'http://automationpractice.com/index.php'.</msg>
<status status="PASS" starttime="20200825 11:52:31.166" endtime="20200825 11:52:44.926"></status>
</kw>
<kw name="Maximize Browser Window" library="SeleniumLibrary">
<doc>Maximizes current browser window.</doc>
<status status="PASS" starttime="20200825 11:52:44.926" endtime="20200825 11:52:46.207"></status>
</kw>
<kw name="Set Browser Implicit Wait" library="SeleniumLibrary">
<doc>Sets the implicit wait value used by Selenium.</doc>
<arguments>
<arg>3</arg>
</arguments>
<status status="PASS" starttime="20200825 11:52:46.211" endtime="20200825 11:52:46.215"></status>
</kw>
<status status="PASS" starttime="20200825 11:52:31.162" endtime="20200825 11:52:46.215"></status>
</kw>
<kw name="Click Element" library="SeleniumLibrary">
<doc>Click the element identified by ``locator``.</doc>
<arguments>
<arg>link=Contact us</arg>
</arguments>
<msg timestamp="20200825 11:52:46.223" level="INFO">Clicking element 'link=Contact us'.</msg>
<status status="PASS" starttime="20200825 11:52:46.219" endtime="20200825 11:52:49.856"></status>
</kw>
<kw name="Mouse Over" library="SeleniumLibrary">
<doc>Simulates hovering the mouse over the element ``locator``.</doc>
<arguments>
<arg>xpath://label[contains(text(),'Subject Heading')]</arg>
</arguments>
<msg timestamp="20200825 11:52:49.860" level="INFO">Simulating Mouse Over on element 'xpath://label[contains(text(),'Subject Heading')]'.</msg>
<status status="PASS" starttime="20200825 11:52:49.857" endtime="20200825 11:52:50.230"></status>
</kw>
<kw name="Page Should Contain Element" library="SeleniumLibrary">
<doc>Verifies that element ``locator`` is found on the current page.</doc>
<arguments>
<arg>xpath=//select[@id='id_contact']</arg>
<arg>5s</arg>
</arguments>
<msg timestamp="20200825 11:52:50.270" level="INFO">Current page contains element 'xpath=//select[@id='id_contact']'.</msg>
<status status="PASS" starttime="20200825 11:52:50.231" endtime="20200825 11:52:50.272"></status>
</kw>
<kw name="Select From List By Label" library="SeleniumLibrary">
<doc>Selects options from selection list ``locator`` by ``labels``.</doc>
<arguments>
<arg>xpath://select[@id='id_contact']</arg>
<arg>Customer service</arg>
</arguments>
<msg timestamp="20200825 11:52:50.274" level="INFO">Selecting options from selection list 'xpath://select[@id='id_contact']' by label Customer service.</msg>
<status status="PASS" starttime="20200825 11:52:50.273" endtime="20200825 11:52:50.554"></status>
</kw>
<kw name="Sleep" library="BuiltIn">
<doc>Pauses the test executed for the given time.</doc>
<arguments>
<arg>2</arg>
</arguments>
<msg timestamp="20200825 11:52:52.556" level="INFO">Slept 2 seconds</msg>
<status status="PASS" starttime="20200825 11:52:50.555" endtime="20200825 11:52:52.557"></status>
</kw>
<kw name="Input Text" library="SeleniumLibrary">
<doc>Types the given ``text`` into the text field identified by ``locator``.</doc>
<arguments>
<arg>xpath://input[@id='email']</arg>
<arg>${credentials}[0]</arg>
</arguments>
<msg timestamp="20200825 11:52:52.560" level="INFO">Typing text 'bitbucket76@gmail.com' into text field 'xpath://input[@id='email']'.</msg>
<status status="PASS" starttime="20200825 11:52:52.558" endtime="20200825 11:52:53.098"></status>
</kw>
<kw name="Input Text" library="SeleniumLibrary">
<doc>Types the given ``text`` into the text field identified by ``locator``.</doc>
<arguments>
<arg>xpath://textarea[@id='message']</arg>
<arg>${message}</arg>
</arguments>
<msg timestamp="20200825 11:52:53.104" level="INFO">Typing text 'product deatails' into text field 'xpath://textarea[@id='message']'.</msg>
<status status="PASS" starttime="20200825 11:52:53.099" endtime="20200825 11:52:53.488"></status>
</kw>
<kw name="Click Element" library="SeleniumLibrary">
<doc>Click the element identified by ``locator``.</doc>
<arguments>
<arg>xpath://span[contains(text(),'Send')]</arg>
</arguments>
<msg timestamp="20200825 11:52:53.492" level="INFO">Clicking element 'xpath://span[contains(text(),'Send')]'.</msg>
<status status="PASS" starttime="20200825 11:52:53.492" endtime="20200825 11:52:56.236"></status>
</kw>
<kw name="Log To Console" library="BuiltIn">
<doc>Logs the given message to the console.</doc>
<arguments>
<arg>Message sent successfully..</arg>
</arguments>
<status status="PASS" starttime="20200825 11:52:56.240" endtime="20200825 11:52:56.247"></status>
</kw>
<kw name="Close Browser" library="SeleniumLibrary">
<doc>Closes the current browser.</doc>
<status status="PASS" starttime="20200825 11:52:56.248" endtime="20200825 11:52:58.643"></status>
</kw>
<doc>User able to contact for any queries</doc>
<tags>
<tag>ContactUs</tag>
<tag>EndToEnd</tag>
</tags>
<status status="PASS" starttime="20200825 11:52:31.161" endtime="20200825 11:52:58.647" critical="yes"></status>
</test>
<test id="s1-s1-s1-t11" name="SocialMediaTest">
<kw name="OpenWebsiteKeyword" library="RobotFramework">
<kw name="Open Browser" library="SeleniumLibrary">
<doc>Opens a new browser instance to the optional ``url``.</doc>
<arguments>
<arg>${url}</arg>
<arg>chrome</arg>
</arguments>
<msg timestamp="20200825 11:52:58.659" level="INFO">Opening browser 'chrome' to base url 'http://automationpractice.com/index.php'.</msg>
<status status="PASS" starttime="20200825 11:52:58.659" endtime="20200825 11:53:10.419"></status>
</kw>
<kw name="Maximize Browser Window" library="SeleniumLibrary">
<doc>Maximizes current browser window.</doc>
<status status="PASS" starttime="20200825 11:53:10.423" endtime="20200825 11:53:11.853"></status>
</kw>
<kw name="Set Browser Implicit Wait" library="SeleniumLibrary">
<doc>Sets the implicit wait value used by Selenium.</doc>
<arguments>
<arg>3</arg>
</arguments>
<status status="PASS" starttime="20200825 11:53:11.857" endtime="20200825 11:53:11.865"></status>
</kw>
<status status="PASS" starttime="20200825 11:52:58.655" endtime="20200825 11:53:11.873"></status>
</kw>
<kw name="Click Element" library="SeleniumLibrary">
<doc>Click the element identified by ``locator``.</doc>
<arguments>
<arg>class=twitter</arg>
</arguments>
<msg timestamp="20200825 11:53:11.873" level="INFO">Clicking element 'class=twitter'.</msg>
<status status="PASS" starttime="20200825 11:53:11.873" endtime="20200825 11:53:12.321"></status>
</kw>
<kw name="Sleep" library="BuiltIn">
<doc>Pauses the test executed for the given time.</doc>
<arguments>
<arg>5</arg>
</arguments>
<msg timestamp="20200825 11:53:17.324" level="INFO">Slept 5 seconds</msg>
<status status="PASS" starttime="20200825 11:53:12.321" endtime="20200825 11:53:17.328"></status>
</kw>
<kw name="Get Window Handles" library="SeleniumLibrary">
<doc>Returns all child window handles of the selected browser as a list.</doc>
<assign>
<var>@{list1}</var>
</assign>
<msg timestamp="20200825 11:53:17.344" level="INFO">@{list1} = [ CDwindow-E27DC365A84FB7EA088E2DD65AAC5311 | CDwindow-A705159007B86AF39627B7F694299180 ]</msg>
<status status="PASS" starttime="20200825 11:53:17.328" endtime="20200825 11:53:17.344"></status>
</kw>
<kw name="${win} IN [ @{list1} ]" type="for">
<kw name="${win} = CDwindow-E27DC365A84FB7EA088E2DD65AAC5311" type="foritem">
<kw name="Select Window" library="SeleniumLibrary">
<doc>DEPRECATED in SeleniumLibrary 4.0. , use `Switch Window` instead.</doc>
<arguments>
<arg>${win}</arg>
</arguments>
<status status="PASS" starttime="20200825 11:53:17.348" endtime="20200825 11:53:17.412"></status>
</kw>
<kw name="Get Location" library="SeleniumLibrary">
<doc>Returns the current browser window URL.</doc>
<assign>
<var>${getUrl}</var>
</assign>
<msg timestamp="20200825 11:53:17.508" level="INFO">${getUrl} = http://automationpractice.com/index.php</msg>
<status status="PASS" starttime="20200825 11:53:17.412" endtime="20200825 11:53:17.508"></status>
</kw>
<kw name="Log" library="BuiltIn">
<doc>Logs the given message with the given level.</doc>
<arguments>
<arg>${getUrl}</arg>
</arguments>
<msg timestamp="20200825 11:53:17.516" level="INFO">http://automationpractice.com/index.php</msg>
<status status="PASS" starttime="20200825 11:53:17.512" endtime="20200825 11:53:17.516"></status>
</kw>
<status status="PASS" starttime="20200825 11:53:17.348" endtime="20200825 11:53:17.516"></status>
</kw>
<kw name="${win} = CDwindow-A705159007B86AF39627B7F694299180" type="foritem">
<kw name="Select Window" library="SeleniumLibrary">
<doc>DEPRECATED in SeleniumLibrary 4.0. , use `Switch Window` instead.</doc>
<arguments>
<arg>${win}</arg>
</arguments>
<status status="PASS" starttime="20200825 11:53:17.524" endtime="20200825 11:53:17.799"></status>
</kw>
<kw name="Get Location" library="SeleniumLibrary">
<doc>Returns the current browser window URL.</doc>
<assign>
<var>${getUrl}</var>
</assign>
<msg timestamp="20200825 11:53:27.804" level="INFO">${getUrl} = https://twitter.com/seleniumfrmwrk</msg>
<status status="PASS" starttime="20200825 11:53:17.801" endtime="20200825 11:53:27.804"></status>
</kw>
<kw name="Log" library="BuiltIn">
<doc>Logs the given message with the given level.</doc>
<arguments>
<arg>${getUrl}</arg>
</arguments>
<msg timestamp="20200825 11:53:27.812" level="INFO">https://twitter.com/seleniumfrmwrk</msg>
<status status="PASS" starttime="20200825 11:53:27.808" endtime="20200825 11:53:27.813"></status>
</kw>
<status status="PASS" starttime="20200825 11:53:17.520" endtime="20200825 11:53:27.814"></status>
</kw>
<status status="PASS" starttime="20200825 11:53:17.344" endtime="20200825 11:53:27.815"></status>
</kw>
<kw name="Log To Console" library="BuiltIn">
<doc>Logs the given message to the console.</doc>
<arguments>
<arg>Successfully navigated media page..</arg>
</arguments>
<status status="PASS" starttime="20200825 11:53:27.816" endtime="20200825 11:53:27.817"></status>
</kw>
<kw name="Close Browser" library="SeleniumLibrary">
<doc>Closes the current browser.</doc>
<status status="PASS" starttime="20200825 11:53:27.819" endtime="20200825 11:53:30.873"></status>
</kw>
<doc>User able to navigate media page on clicking media icon</doc>
<tags>
<tag>EndToEnd</tag>
<tag>SocialMedia</tag>
</tags>
<status status="PASS" starttime="20200825 11:52:58.654" endtime="20200825 11:53:30.873" critical="yes"></status>
</test>
<test id="s1-s1-s1-t12" name="NewsLetterTest">
<kw name="OpenWebsiteKeyword" library="RobotFramework">
<kw name="Open Browser" library="SeleniumLibrary">
<doc>Opens a new browser instance to the optional ``url``.</doc>
<arguments>
<arg>${url}</arg>
<arg>chrome</arg>
</arguments>
<msg timestamp="20200825 11:53:30.887" level="INFO">Opening browser 'chrome' to base url 'http://automationpractice.com/index.php'.</msg>
<status status="PASS" starttime="20200825 11:53:30.887" endtime="20200825 11:53:48.399"></status>
</kw>
<kw name="Maximize Browser Window" library="SeleniumLibrary">
<doc>Maximizes current browser window.</doc>
<status status="PASS" starttime="20200825 11:53:48.399" endtime="20200825 11:53:49.813"></status>
</kw>
<kw name="Set Browser Implicit Wait" library="SeleniumLibrary">
<doc>Sets the implicit wait value used by Selenium.</doc>
<arguments>
<arg>3</arg>
</arguments>
<status status="PASS" starttime="20200825 11:53:49.813" endtime="20200825 11:53:49.841"></status>
</kw>
<status status="PASS" starttime="20200825 11:53:30.887" endtime="20200825 11:53:49.845"></status>
</kw>
<kw name="Input Text" library="SeleniumLibrary">
<doc>Types the given ``text`` into the text field identified by ``locator``.</doc>
<arguments>
<arg>id=newsletter-input</arg>
<arg>bitbuckets0908@gmail.com</arg>
</arguments>
<msg timestamp="20200825 11:53:49.853" level="INFO">Typing text 'bitbuckets0908@gmail.com' into text field 'id=newsletter-input'.</msg>
<status status="PASS" starttime="20200825 11:53:49.849" endtime="20200825 11:53:50.492"></status>
</kw>
<kw name="Click Button" library="SeleniumLibrary">
<doc>Clicks the button identified by ``locator``.</doc>
<arguments>
<arg>name= submitNewsletter</arg>
</arguments>
<msg timestamp="20200825 11:53:50.496" level="INFO">Clicking button 'name= submitNewsletter'.</msg>
<status status="PASS" starttime="20200825 11:53:50.492" endtime="20200825 11:53:53.421"></status>
</kw>
<kw name="Log To Console" library="BuiltIn">
<doc>Logs the given message to the console.</doc>
<arguments>
<arg>Successfully</arg>
<arg>subscribed to NewsLetter..</arg>
</arguments>
<status status="PASS" starttime="20200825 11:53:53.421" endtime="20200825 11:53:53.425"></status>
</kw>
<kw name="Close Browser" library="SeleniumLibrary">
<doc>Closes the current browser.</doc>
<status status="PASS" starttime="20200825 11:53:53.428" endtime="20200825 11:53:55.858"></status>
</kw>
<doc>User able to subscribe on newsletter</doc>
<tags>
<tag>EndToEnd</tag>
<tag>NewsLetter</tag>
</tags>
<status status="PASS" starttime="20200825 11:53:30.887" endtime="20200825 11:53:55.862" critical="yes"></status>
</test>
<test id="s1-s1-s1-t13" name="SendToFriendTest">
<kw name="OpenWebsiteKeyword" library="RobotFramework">
<kw name="Open Browser" library="SeleniumLibrary">
<doc>Opens a new browser instance to the optional ``url``.</doc>
<arguments>
<arg>${url}</arg>
<arg>chrome</arg>
</arguments>
<msg timestamp="20200825 11:53:55.876" level="INFO">Opening browser 'chrome' to base url 'http://automationpractice.com/index.php'.</msg>
<status status="PASS" starttime="20200825 11:53:55.876" endtime="20200825 11:54:14.539"></status>
</kw>
<kw name="Maximize Browser Window" library="SeleniumLibrary">
<doc>Maximizes current browser window.</doc>
<status status="PASS" starttime="20200825 11:54:14.544" endtime="20200825 11:54:15.902"></status>
</kw>
<kw name="Set Browser Implicit Wait" library="SeleniumLibrary">
<doc>Sets the implicit wait value used by Selenium.</doc>
<arguments>
<arg>3</arg>
</arguments>
<status status="PASS" starttime="20200825 11:54:15.904" endtime="20200825 11:54:15.913"></status>
</kw>
<status status="PASS" starttime="20200825 11:53:55.872" endtime="20200825 11:54:15.916"></status>
</kw>
<kw name="SearchProductKeyword" library="RobotFramework">
<kw name="Mouse Over" library="SeleniumLibrary">
<doc>Simulates hovering the mouse over the element ``locator``.</doc>
<arguments>
<arg>${Dress}</arg>
</arguments>
<msg timestamp="20200825 11:54:15.930" level="INFO">Simulating Mouse Over on element 'xpath=//*[@id="block_top_menu"]/ul/li[2]/a'.</msg>
<status status="PASS" starttime="20200825 11:54:15.928" endtime="20200825 11:54:16.367"></status>
</kw>
<kw name="Wait Until Element Is Visible" library="SeleniumLibrary">
<doc>Waits until the element ``locator`` is visible.</doc>
<arguments>
<arg>${EveningDress}</arg>
</arguments>
<status status="PASS" starttime="20200825 11:54:16.369" endtime="20200825 11:54:16.503"></status>
</kw>
<kw name="Sleep" library="BuiltIn">
<doc>Pauses the test executed for the given time.</doc>
<arguments>
<arg>6</arg>
</arguments>
<msg timestamp="20200825 11:54:22.506" level="INFO">Slept 6 seconds</msg>
<status status="PASS" starttime="20200825 11:54:16.505" endtime="20200825 11:54:22.507"></status>
</kw>
<kw name="Click Element" library="SeleniumLibrary">
<doc>Click the element identified by ``locator``.</doc>
<arguments>
<arg>${EveningDress}</arg>
</arguments>
<msg timestamp="20200825 11:54:22.510" level="INFO">Clicking element 'xpath=/html[1]/body[1]/div[1]/div[1]/header[1]/div[3]/div[1]/div[1]/div[6]/ul[1]/li[2]/ul[1]/li[2]/a[1]'.</msg>
<status status="PASS" starttime="20200825 11:54:22.508" endtime="20200825 11:54:26.596"></status>
</kw>
<kw name="Sleep" library="BuiltIn">
<doc>Pauses the test executed for the given time.</doc>
<arguments>
<arg>6</arg>
</arguments>
<msg timestamp="20200825 11:54:32.604" level="INFO">Slept 6 seconds</msg>
<status status="PASS" starttime="20200825 11:54:26.600" endtime="20200825 11:54:32.608"></status>
</kw>
<kw name="Click Element" library="SeleniumLibrary">
<doc>Click the element identified by ``locator``.</doc>
<arguments>
<arg>xpath://*[@id="list"]/a/i</arg>
</arguments>
<msg timestamp="20200825 11:54:32.614" level="INFO">Clicking element 'xpath://*[@id="list"]/a/i'.</msg>
<status status="PASS" starttime="20200825 11:54:32.609" endtime="20200825 11:54:32.876"></status>
</kw>
<status status="PASS" starttime="20200825 11:54:15.919" endtime="20200825 11:54:32.876"></status>
</kw>
<kw name="Click Element" library="SeleniumLibrary">
<doc>Click the element identified by ``locator``.</doc>
<arguments>
<arg>xpath://span[contains(text(),'More')]</arg>
</arguments>
<msg timestamp="20200825 11:54:32.880" level="INFO">Clicking element 'xpath://span[contains(text(),'More')]'.</msg>
<status status="PASS" starttime="20200825 11:54:32.880" endtime="20200825 11:54:37.125"></status>
</kw>
<kw name="Sleep" library="BuiltIn">
<doc>Pauses the test executed for the given time.</doc>
<arguments>
<arg>3</arg>
</arguments>
<msg timestamp="20200825 11:54:40.130" level="INFO">Slept 3 seconds</msg>
<status status="PASS" starttime="20200825 11:54:37.129" endtime="20200825 11:54:40.131"></status>
</kw>
<kw name="Click Element" library="SeleniumLibrary">
<doc>Click the element identified by ``locator``.</doc>
<arguments>
<arg>xpath://*[@id="send_friend_button"]</arg>
</arguments>
<msg timestamp="20200825 11:54:40.135" level="INFO">Clicking element 'xpath://*[@id="send_friend_button"]'.</msg>
<status status="PASS" starttime="20200825 11:54:40.132" endtime="20200825 11:54:40.596"></status>
</kw>
<kw name="Input Text" library="SeleniumLibrary">
<doc>Types the given ``text`` into the text field identified by ``locator``.</doc>
<arguments>
<arg>xpath://*[@id="friend_name"]</arg>
<arg>Lasya</arg>
</arguments>
<msg timestamp="20200825 11:54:40.600" level="INFO">Typing text 'Lasya' into text field 'xpath://*[@id="friend_name"]'.</msg>
<status status="PASS" starttime="20200825 11:54:40.596" endtime="20200825 11:54:41.112"></status>
</kw>
<kw name="Input Text" library="SeleniumLibrary">
<doc>Types the given ``text`` into the text field identified by ``locator``.</doc>
<arguments>
<arg>xpath://*[@id="friend_email"]</arg>
<arg>lasya@123@gmail.com</arg>
</arguments>
<msg timestamp="20200825 11:54:41.116" level="INFO">Typing text 'lasya@123@gmail.com' into text field 'xpath://*[@id="friend_email"]'.</msg>
<status status="PASS" starttime="20200825 11:54:41.112" endtime="20200825 11:54:41.584"></status>
</kw>
<kw name="Click Element" library="SeleniumLibrary">
<doc>Click the element identified by ``locator``.</doc>
<arguments>
<arg>xpath://*[@id="sendEmail"]/span</arg>
</arguments>
<msg timestamp="20200825 11:54:41.588" level="INFO">Clicking element 'xpath://*[@id="sendEmail"]/span'.</msg>
<status status="PASS" starttime="20200825 11:54:41.584" endtime="20200825 11:54:41.812"></status>
</kw>
<kw name="Sleep" library="BuiltIn">
<doc>Pauses the test executed for the given time.</doc>
<arguments>
<arg>3</arg>
</arguments>
<msg timestamp="20200825 11:54:44.817" level="INFO">Slept 3 seconds</msg>
<status status="PASS" starttime="20200825 11:54:41.812" endtime="20200825 11:54:44.818"></status>
</kw>
<kw name="Log To Console" library="BuiltIn">
<doc>Logs the given message to the console.</doc>
<arguments>
<arg>Email sent succesfully to a friend..</arg>
</arguments>
<status status="PASS" starttime="20200825 11:54:44.819" endtime="20200825 11:54:44.822"></status>
</kw>
<kw name="Close Browser" library="SeleniumLibrary">
<doc>Closes the current browser.</doc>
<status status="PASS" starttime="20200825 11:54:44.824" endtime="20200825 11:54:47.367"></status>
</kw>
<doc>User able to send mail to a friend</doc>
<tags>
<tag>EndToEnd</tag>
<tag>SendToFriend</tag>
</tags>
<status status="PASS" starttime="20200825 11:53:55.872" endtime="20200825 11:54:47.369" critical="yes"></status>
</test>
<status status="PASS" starttime="20200825 11:48:54.748" endtime="20200825 11:54:47.379"></status>
</suite>
<status status="PASS" starttime="20200825 11:48:54.739" endtime="20200825 11:54:47.434"></status>
</suite>
<status status="PASS" starttime="20200825 11:48:54.645" endtime="20200825 11:54:47.482"></status>
</suite>
<statistics>
<total>
<stat pass="13" fail="0">Critical Tests</stat>
<stat pass="13" fail="0">All Tests</stat>
</total>
<tag>
<stat pass="1" fail="0">AddToCart</stat>
<stat pass="1" fail="0">ByNavigation</stat>
<stat pass="1" fail="0">BySearchBar</stat>
<stat pass="1" fail="0">ContactUs</stat>
<stat pass="13" fail="0">EndToEnd</stat>
<stat pass="1" fail="0">Login</stat>
<stat pass="1" fail="0">NewsLetter</stat>
<stat pass="1" fail="0">OrderHistory</stat>
<stat pass="1" fail="0">PaymentMethod</stat>
<stat pass="1" fail="0">Register</stat>
<stat pass="1" fail="0">SendToFriend</stat>
<stat pass="1" fail="0">ShippingMethod</stat>
<stat pass="1" fail="0">SocialMedia</stat>
<stat pass="1" fail="0">Wishlist</stat>
</tag>
<suite>
<stat pass="13" fail="0" id="s1" name="RobotProject1">RobotProject1</stat>
<stat pass="13" fail="0" id="s1-s1" name="Test1">RobotProject1.Test1</stat>
<stat pass="13" fail="0" id="s1-s1-s1" name="RobotFrameworkMergedCode">RobotProject1.Test1.RobotFrameworkMergedCode</stat>
</suite>
</statistics>
<errors>
</errors>
</robot>
