<?xml version="1.0" encoding="UTF-8"?>
<testsuite xmlns:xsi="http://www.w3.org/2001/XMLSchema-instance" xsi:noNamespaceSchemaLocation="https://maven.apache.org/surefire/maven-surefire-plugin/xsd/surefire-test-report-3.0.xsd" version="3.0" name="feature to test login functionality" time="75.345" tests="3" errors="0" skipped="0" failures="0">
  <properties>
[...]
</properties>
  <testcase name="Finding ecommerce site" classname="feature to test login functionality" time="41.888">
    <system-out><![CDATA[
@openbrowser
Scenario: Finding ecommerce site               # src/test/resources/Feature/loginaut.feature:7
hey path for chorme== C:/Users/abita/Documents/driversweb/chromedriver.exe
  Given I am on the Google search page         # stepdefinitions.Loginsteps.i_am_on_the_google_search_page()
  When I search for website                    # stepdefinitions.Loginsteps.i_search_for_website()
  And hits enter                               # stepdefinitions.Loginsteps.hits_enter()
My Store
  Then the page title should start with "logo" # stepdefinitions.Loginsteps.the_page_title_should_start_with(java.lang.String)
]]></system-out>
    <system-err><![CDATA[Starting ChromeDriver 83.0.4103.39 (ccbf011cb2d2b19b506d844400483861342c20cd-refs/branch-heads/4103@{#416}) on port 4260
Only local connections are allowed.
Please see https://chromedriver.chromium.org/security-considerations for suggestions on keeping ChromeDriver safe.
ChromeDriver was started successfully.
[1596549206.981][WARNING]: This version of ChromeDriver has not been tested with Chrome version 84.
Aug 04, 2020 7:23:29 PM org.openqa.selenium.remote.ProtocolHandshake createSession
INFO: Detected dialect: W3C
]]></system-err>
  </testcase>
  <testcase name="Check login functionality with invalid credentials" classname="feature to test login functionality" time="19.871">
    <system-out><![CDATA[
@openbrowser @Register
Scenario Outline: Check login functionality with invalid credentials # src/test/resources/Feature/loginaut.feature:24
  Given user navigate on sign in                                     # stepdefinitions.Loginsteps.user_navigate_on_sign_in()
You have entered:   And user do the authentication process                             # stepdefinitions.Loginsteps.user_do_the_authentication_process()
  When user the enters bit76@gmail.com and Giub123                   # stepdefinitions.Loginsteps.user_the_enters_Emailnewand_passwordnew(java.lang.String,java.lang.String)
  And clicks on the signin button                                    # stepdefinitions.Loginsteps.clicks_on_the_signin_button()
  Then error msg is displayed and user creates acoounr               # stepdefinitions.Loginsteps.error_msg_is_displayed_and_user_creates_acoounr()
]]></system-out>
  </testcase>
  <testcase name="Check login functionality with valid credentials" classname="feature to test login functionality" time="13.586">
    <system-out><![CDATA[
@openbrowser @login
Scenario Outline: Check login functionality with valid credentials # src/test/resources/Feature/loginaut.feature:37
  Given user clicks on sign in                                     # stepdefinitions.Loginsteps.user_clicks_on_sign_in()
You have entered:   And user do the authentication                                   # stepdefinitions.Loginsteps.user_do_the_authentication()
  When user enters bitbucket76@gmail.com and Github123             # stepdefinitions.Loginsteps.user_enters_Email_and_password(java.lang.String,java.lang.String)
  And clicks on signin buttonp                                     # stepdefinitions.Loginsteps.clicks_on_signin_button()
success
  Then check user is navigated to home page                        # stepdefinitions.Loginsteps.check_user_is_navigated_to_home_page()
]]></system-out>
  </testcase>
</testsuite>